{"/Users/do.nguyen/personal/family-guy/backend/src/routes/albums.js": {"path":"/Users/do.nguyen/personal/family-guy/backend/src/routes/albums.js","statementMap":{"0":{"start":{"line":1,"column":16},"end":{"line":1,"column":34}},"1":{"start":{"line":2,"column":15},"end":{"line":2,"column":31}},"2":{"start":{"line":3,"column":24},"end":{"line":3,"column":53}},"3":{"start":{"line":4,"column":17},"end":{"line":4,"column":40}},"4":{"start":{"line":6,"column":0},"end":{"line":6,"column":24}},"5":{"start":{"line":8,"column":0},"end":{"line":33,"column":3}},"6":{"start":{"line":9,"column":17},"end":{"line":9,"column":37}},"7":{"start":{"line":10,"column":2},"end":{"line":32,"column":3}},"8":{"start":{"line":11,"column":38},"end":{"line":11,"column":46}},"9":{"start":{"line":12,"column":4},"end":{"line":12,"column":71}},"10":{"start":{"line":12,"column":15},"end":{"line":12,"column":71}},"11":{"start":{"line":14,"column":4},"end":{"line":14,"column":32}},"12":{"start":{"line":15,"column":21},"end":{"line":19,"column":5}},"13":{"start":{"line":20,"column":18},"end":{"line":20,"column":25}},"14":{"start":{"line":21,"column":4},"end":{"line":24,"column":6}},"15":{"start":{"line":25,"column":4},"end":{"line":25,"column":33}},"16":{"start":{"line":26,"column":4},"end":{"line":26,"column":32}},"17":{"start":{"line":28,"column":4},"end":{"line":28,"column":35}},"18":{"start":{"line":29,"column":4},"end":{"line":29,"column":14}},"19":{"start":{"line":31,"column":4},"end":{"line":31,"column":21}},"20":{"start":{"line":35,"column":0},"end":{"line":47,"column":3}},"21":{"start":{"line":36,"column":2},"end":{"line":46,"column":30}},"22":{"start":{"line":37,"column":21},"end":{"line":44,"column":5}},"23":{"start":{"line":45,"column":4},"end":{"line":45,"column":19}},"24":{"start":{"line":46,"column":18},"end":{"line":46,"column":28}},"25":{"start":{"line":49,"column":0},"end":{"line":69,"column":3}},"26":{"start":{"line":50,"column":2},"end":{"line":68,"column":30}},"27":{"start":{"line":51,"column":30},"end":{"line":54,"column":5}},"28":{"start":{"line":55,"column":4},"end":{"line":55,"column":73}},"29":{"start":{"line":55,"column":21},"end":{"line":55,"column":73}},"30":{"start":{"line":57,"column":21},"end":{"line":65,"column":5}},"31":{"start":{"line":66,"column":4},"end":{"line":66,"column":70}},"32":{"start":{"line":66,"column":18},"end":{"line":66,"column":70}},"33":{"start":{"line":67,"column":4},"end":{"line":67,"column":22}},"34":{"start":{"line":68,"column":18},"end":{"line":68,"column":28}},"35":{"start":{"line":71,"column":0},"end":{"line":101,"column":3}},"36":{"start":{"line":72,"column":2},"end":{"line":100,"column":30}},"37":{"start":{"line":73,"column":30},"end":{"line":76,"column":5}},"38":{"start":{"line":77,"column":4},"end":{"line":77,"column":73}},"39":{"start":{"line":77,"column":21},"end":{"line":77,"column":73}},"40":{"start":{"line":79,"column":54},"end":{"line":79,"column":62}},"41":{"start":{"line":81,"column":4},"end":{"line":87,"column":5}},"42":{"start":{"line":82,"column":31},"end":{"line":85,"column":7}},"43":{"start":{"line":86,"column":6},"end":{"line":86,"column":109}},"44":{"start":{"line":86,"column":22},"end":{"line":86,"column":109}},"45":{"start":{"line":89,"column":21},"end":{"line":97,"column":5}},"46":{"start":{"line":98,"column":4},"end":{"line":98,"column":70}},"47":{"start":{"line":98,"column":18},"end":{"line":98,"column":70}},"48":{"start":{"line":99,"column":4},"end":{"line":99,"column":22}},"49":{"start":{"line":100,"column":18},"end":{"line":100,"column":28}},"50":{"start":{"line":103,"column":0},"end":{"line":103,"column":24}}},"fnMap":{"0":{"name":"(anonymous_0)","decl":{"start":{"line":8,"column":17},"end":{"line":8,"column":18}},"loc":{"start":{"line":8,"column":43},"end":{"line":33,"column":1}},"line":8},"1":{"name":"(anonymous_1)","decl":{"start":{"line":35,"column":16},"end":{"line":35,"column":17}},"loc":{"start":{"line":35,"column":42},"end":{"line":47,"column":1}},"line":35},"2":{"name":"(anonymous_2)","decl":{"start":{"line":49,"column":19},"end":{"line":49,"column":20}},"loc":{"start":{"line":49,"column":45},"end":{"line":69,"column":1}},"line":49},"3":{"name":"(anonymous_3)","decl":{"start":{"line":71,"column":21},"end":{"line":71,"column":22}},"loc":{"start":{"line":71,"column":47},"end":{"line":101,"column":1}},"line":71}},"branchMap":{"0":{"loc":{"start":{"line":12,"column":4},"end":{"line":12,"column":71}},"type":"if","locations":[{"start":{"line":12,"column":4},"end":{"line":12,"column":71}},{"start":{},"end":{}}],"line":12},"1":{"loc":{"start":{"line":18,"column":13},"end":{"line":18,"column":36}},"type":"binary-expr","locations":[{"start":{"line":18,"column":13},"end":{"line":18,"column":28}},{"start":{"line":18,"column":32},"end":{"line":18,"column":36}}],"line":18},"2":{"loc":{"start":{"line":55,"column":4},"end":{"line":55,"column":73}},"type":"if","locations":[{"start":{"line":55,"column":4},"end":{"line":55,"column":73}},{"start":{},"end":{}}],"line":55},"3":{"loc":{"start":{"line":66,"column":4},"end":{"line":66,"column":70}},"type":"if","locations":[{"start":{"line":66,"column":4},"end":{"line":66,"column":70}},{"start":{},"end":{}}],"line":66},"4":{"loc":{"start":{"line":77,"column":4},"end":{"line":77,"column":73}},"type":"if","locations":[{"start":{"line":77,"column":4},"end":{"line":77,"column":73}},{"start":{},"end":{}}],"line":77},"5":{"loc":{"start":{"line":81,"column":4},"end":{"line":87,"column":5}},"type":"if","locations":[{"start":{"line":81,"column":4},"end":{"line":87,"column":5}},{"start":{},"end":{}}],"line":81},"6":{"loc":{"start":{"line":86,"column":6},"end":{"line":86,"column":109}},"type":"if","locations":[{"start":{"line":86,"column":6},"end":{"line":86,"column":109}},{"start":{},"end":{}}],"line":86},"7":{"loc":{"start":{"line":96,"column":7},"end":{"line":96,"column":19}},"type":"binary-expr","locations":[{"start":{"line":96,"column":7},"end":{"line":96,"column":11}},{"start":{"line":96,"column":15},"end":{"line":96,"column":19}}],"line":96},"8":{"loc":{"start":{"line":96,"column":21},"end":{"line":96,"column":44}},"type":"binary-expr","locations":[{"start":{"line":96,"column":21},"end":{"line":96,"column":36}},{"start":{"line":96,"column":40},"end":{"line":96,"column":44}}],"line":96},"9":{"loc":{"start":{"line":96,"column":46},"end":{"line":96,"column":68}},"type":"binary-expr","locations":[{"start":{"line":96,"column":46},"end":{"line":96,"column":60}},{"start":{"line":96,"column":64},"end":{"line":96,"column":68}}],"line":96},"10":{"loc":{"start":{"line":98,"column":4},"end":{"line":98,"column":70}},"type":"if","locations":[{"start":{"line":98,"column":4},"end":{"line":98,"column":70}},{"start":{},"end":{}}],"line":98}},"s":{"0":1,"1":1,"2":1,"3":1,"4":1,"5":1,"6":4,"7":4,"8":4,"9":4,"10":1,"11":3,"12":3,"13":2,"14":2,"15":2,"16":2,"17":1,"18":1,"19":4,"20":1,"21":1,"22":1,"23":1,"24":0,"25":1,"26":4,"27":4,"28":3,"29":2,"30":1,"31":1,"32":0,"33":1,"34":1,"35":1,"36":6,"37":6,"38":5,"39":1,"40":4,"41":4,"42":2,"43":2,"44":1,"45":3,"46":3,"47":0,"48":3,"49":1,"50":1},"f":{"0":4,"1":1,"2":4,"3":6},"b":{"0":[1,3],"1":[3,1],"2":[2,1],"3":[0,1],"4":[1,4],"5":[2,2],"6":[1,1],"7":[3,2],"8":[3,2],"9":[3,2],"10":[0,3]},"_coverageSchema":"1a1c01bbd47fc00a2c39e90264f33305004495a9","hash":"8093256c102f7ef4e3df1d7d9e9f75d4b9bc5a29"}
}
