{"total": {"lines":{"total":45,"covered":44,"skipped":0,"pct":97.77},"statements":{"total":51,"covered":48,"skipped":0,"pct":94.11},"functions":{"total":4,"covered":4,"skipped":0,"pct":100},"branches":{"total":22,"covered":19,"skipped":0,"pct":86.36},"branchesTrue":{"total":0,"covered":0,"skipped":0,"pct":"Unknown"}}
,"/Users/do.nguyen/personal/family-guy/backend/src/routes/albums.js": {"lines":{"total":45,"covered":44,"skipped":0,"pct":97.77},"functions":{"total":4,"covered":4,"skipped":0,"pct":100},"statements":{"total":51,"covered":48,"skipped":0,"pct":94.11},"branches":{"total":22,"covered":19,"skipped":0,"pct":86.36}}
}
