TN:
SF:src/routes/albums.js
FN:8,(anonymous_0)
FN:35,(anonymous_1)
FN:49,(anonymous_2)
FN:71,(anonymous_3)
FNF:4
FNH:4
FNDA:4,(anonymous_0)
FNDA:1,(anonymous_1)
FNDA:4,(anonymous_2)
FNDA:6,(anonymous_3)
DA:1,1
DA:2,1
DA:3,1
DA:4,1
DA:6,1
DA:8,1
DA:9,4
DA:10,4
DA:11,4
DA:12,4
DA:14,3
DA:15,3
DA:20,2
DA:21,2
DA:25,2
DA:26,2
DA:28,1
DA:29,1
DA:31,4
DA:35,1
DA:36,1
DA:37,1
DA:45,1
DA:46,0
DA:49,1
DA:50,4
DA:51,4
DA:55,3
DA:57,1
DA:66,1
DA:67,1
DA:68,1
DA:71,1
DA:72,6
DA:73,6
DA:77,5
DA:79,4
DA:81,4
DA:82,2
DA:86,2
DA:89,3
DA:98,3
DA:99,3
DA:100,1
DA:103,1
LF:45
LH:44
BRDA:12,0,0,1
BRDA:12,0,1,3
BRDA:18,1,0,3
BRDA:18,1,1,1
BRDA:55,2,0,2
BRDA:55,2,1,1
BRDA:66,3,0,0
BRDA:66,3,1,1
BRDA:77,4,0,1
BRDA:77,4,1,4
BRDA:81,5,0,2
BRDA:81,5,1,2
BRDA:86,6,0,1
BRDA:86,6,1,1
BRDA:96,7,0,3
BRDA:96,7,1,2
BRDA:96,8,0,3
BRDA:96,8,1,2
BRDA:96,9,0,3
BRDA:96,9,1,2
BRDA:98,10,0,0
BRDA:98,10,1,3
BRF:22
BRH:20
end_of_record
