{"/Users/do.nguyen/personal/family-guy/mobile/app/(auth)/index.tsx": {"path":"/Users/do.nguyen/personal/family-guy/mobile/app/(auth)/index.tsx","statementMap":{"0":{"start":{"line":19,"column":18},"end":{"line":19,"column":30}},"1":{"start":{"line":21,"column":0},"end":{"line":25,"column":3}},"2":{"start":{"line":28,"column":22},"end":{"line":28,"column":36}},"3":{"start":{"line":29,"column":23},"end":{"line":29,"column":38}},"4":{"start":{"line":30,"column":32},"end":{"line":30,"column":73}},"5":{"start":{"line":33,"column":4},"end":{"line":47,"column":5}},"6":{"start":{"line":34,"column":6},"end":{"line":34,"column":26}},"7":{"start":{"line":35,"column":19},"end":{"line":40,"column":8}},"8":{"start":{"line":41,"column":23},"end":{"line":41,"column":116}},"9":{"start":{"line":42,"column":6},"end":{"line":42,"column":46}},"10":{"start":{"line":44,"column":6},"end":{"line":44,"column":86}},"11":{"start":{"line":44,"column":45},"end":{"line":44,"column":86}},"12":{"start":{"line":46,"column":6},"end":{"line":46,"column":23}},"13":{"start":{"line":51,"column":4},"end":{"line":64,"column":5}},"14":{"start":{"line":52,"column":6},"end":{"line":52,"column":27}},"15":{"start":{"line":53,"column":23},"end":{"line":53,"column":50}},"16":{"start":{"line":54,"column":6},"end":{"line":54,"column":47}},"17":{"start":{"line":54,"column":40},"end":{"line":54,"column":47}},"18":{"start":{"line":55,"column":22},"end":{"line":55,"column":43}},"19":{"start":{"line":56,"column":6},"end":{"line":56,"column":71}},"20":{"start":{"line":56,"column":20},"end":{"line":56,"column":71}},"21":{"start":{"line":57,"column":23},"end":{"line":57,"column":66}},"22":{"start":{"line":58,"column":6},"end":{"line":58,"column":46}},"23":{"start":{"line":60,"column":6},"end":{"line":60,"column":59}},"24":{"start":{"line":60,"column":52},"end":{"line":60,"column":59}},"25":{"start":{"line":61,"column":6},"end":{"line":61,"column":66}},"26":{"start":{"line":63,"column":6},"end":{"line":63,"column":23}},"27":{"start":{"line":68,"column":4},"end":{"line":68,"column":53}},"28":{"start":{"line":69,"column":4},"end":{"line":69,"column":25}},"29":{"start":{"line":70,"column":4},"end":{"line":70,"column":40}},"30":{"start":{"line":71,"column":4},"end":{"line":74,"column":14}},"31":{"start":{"line":72,"column":31},"end":{"line":72,"column":106}},"32":{"start":{"line":73,"column":6},"end":{"line":73,"column":41}},"33":{"start":{"line":73,"column":21},"end":{"line":73,"column":41}},"34":{"start":{"line":75,"column":4},"end":{"line":75,"column":30}},"35":{"start":{"line":78,"column":2},"end":{"line":110,"column":4}},"36":{"start":{"line":82,"column":10},"end":{"line":82,"column":164}},"37":{"start":{"line":113,"column":15},"end":{"line":124,"column":2}}},"fnMap":{"0":{"name":"SignInScreen","decl":{"start":{"line":27,"column":24},"end":{"line":27,"column":36}},"loc":{"start":{"line":27,"column":39},"end":{"line":111,"column":1}},"line":27},"1":{"name":"handleApple","decl":{"start":{"line":32,"column":17},"end":{"line":32,"column":28}},"loc":{"start":{"line":32,"column":31},"end":{"line":48,"column":3}},"line":32},"2":{"name":"handleGoogle","decl":{"start":{"line":50,"column":17},"end":{"line":50,"column":29}},"loc":{"start":{"line":50,"column":32},"end":{"line":65,"column":3}},"line":50},"3":{"name":"finishAuth","decl":{"start":{"line":67,"column":17},"end":{"line":67,"column":27}},"loc":{"start":{"line":67,"column":54},"end":{"line":76,"column":3}},"line":67},"4":{"name":"(anonymous_4)","decl":{"start":{"line":70,"column":30},"end":{"line":70,"column":31}},"loc":{"start":{"line":70,"column":36},"end":{"line":70,"column":38}},"line":70},"5":{"name":"(anonymous_5)","decl":{"start":{"line":81,"column":27},"end":{"line":81,"column":28}},"loc":{"start":{"line":82,"column":10},"end":{"line":82,"column":164}},"line":82}},"branchMap":{"0":{"loc":{"start":{"line":44,"column":6},"end":{"line":44,"column":86}},"type":"if","locations":[{"start":{"line":44,"column":6},"end":{"line":44,"column":86}},{"start":{},"end":{}}],"line":44},"1":{"loc":{"start":{"line":54,"column":6},"end":{"line":54,"column":47}},"type":"if","locations":[{"start":{"line":54,"column":6},"end":{"line":54,"column":47}},{"start":{},"end":{}}],"line":54},"2":{"loc":{"start":{"line":56,"column":6},"end":{"line":56,"column":71}},"type":"if","locations":[{"start":{"line":56,"column":6},"end":{"line":56,"column":71}},{"start":{},"end":{}}],"line":56},"3":{"loc":{"start":{"line":60,"column":6},"end":{"line":60,"column":59}},"type":"if","locations":[{"start":{"line":60,"column":6},"end":{"line":60,"column":59}},{"start":{},"end":{}}],"line":60},"4":{"loc":{"start":{"line":61,"column":36},"end":{"line":61,"column":64}},"type":"binary-expr","locations":[{"start":{"line":61,"column":36},"end":{"line":61,"column":45}},{"start":{"line":61,"column":49},"end":{"line":61,"column":64}}],"line":61},"5":{"loc":{"start":{"line":73,"column":6},"end":{"line":73,"column":41}},"type":"if","locations":[{"start":{"line":73,"column":6},"end":{"line":73,"column":41}},{"start":{},"end":{}}],"line":73}},"s":{"0":1,"1":1,"2":37,"3":37,"4":37,"5":6,"6":6,"7":6,"8":4,"9":4,"10":2,"11":1,"12":6,"13":6,"14":6,"15":6,"16":3,"17":1,"18":2,"19":2,"20":1,"21":1,"22":1,"23":4,"24":1,"25":3,"26":6,"27":5,"28":5,"29":5,"30":5,"31":5,"32":4,"33":2,"34":5,"35":37,"36":222,"37":1},"f":{"0":37,"1":6,"2":6,"3":5,"4":1,"5":222},"b":{"0":[1,1],"1":[1,2],"2":[1,1],"3":[1,3],"4":[3,1],"5":[2,2]},"_coverageSchema":"1a1c01bbd47fc00a2c39e90264f33305004495a9","hash":"cab6fcd4da4d414a8ef48963d67c1956894a991c"}
}
