{"total": {"lines":{"total":1683,"covered":1082,"skipped":0,"pct":64.28},"statements":{"total":1932,"covered":1210,"skipped":0,"pct":62.62},"functions":{"total":586,"covered":358,"skipped":0,"pct":61.09},"branches":{"total":1044,"covered":602,"skipped":0,"pct":57.66},"branchesTrue":{"total":0,"covered":0,"skipped":0,"pct":100}}
,"/Users/do.nguyen/personal/family-guy/mobile/app/_layout.tsx": {"lines":{"total":46,"covered":0,"skipped":0,"pct":0},"functions":{"total":6,"covered":0,"skipped":0,"pct":0},"statements":{"total":50,"covered":0,"skipped":0,"pct":0},"branches":{"total":20,"covered":0,"skipped":0,"pct":0}}
,"/Users/do.nguyen/personal/family-guy/mobile/app/onboarding.tsx": {"lines":{"total":23,"covered":23,"skipped":0,"pct":100},"functions":{"total":11,"covered":11,"skipped":0,"pct":100},"statements":{"total":24,"covered":24,"skipped":0,"pct":100},"branches":{"total":8,"covered":8,"skipped":0,"pct":100}}
,"/Users/do.nguyen/personal/family-guy/mobile/app/photo-review.tsx": {"lines":{"total":49,"covered":45,"skipped":0,"pct":91.83},"functions":{"total":16,"covered":13,"skipped":0,"pct":81.25},"statements":{"total":66,"covered":56,"skipped":0,"pct":84.84},"branches":{"total":32,"covered":25,"skipped":0,"pct":78.12}}
,"/Users/do.nguyen/personal/family-guy/mobile/app/(auth)/index.tsx": {"lines":{"total":53,"covered":47,"skipped":0,"pct":88.67},"functions":{"total":13,"covered":11,"skipped":0,"pct":84.61},"statements":{"total":63,"covered":54,"skipped":0,"pct":85.71},"branches":{"total":25,"covered":18,"skipped":0,"pct":72}}
,"/Users/do.nguyen/personal/family-guy/mobile/app/(auth)/restore.tsx": {"lines":{"total":20,"covered":0,"skipped":0,"pct":0},"functions":{"total":3,"covered":0,"skipped":0,"pct":0},"statements":{"total":22,"covered":0,"skipped":0,"pct":0},"branches":{"total":8,"covered":0,"skipped":0,"pct":0}}
,"/Users/do.nguyen/personal/family-guy/mobile/app/(tabs)/_layout.tsx": {"lines":{"total":3,"covered":2,"skipped":0,"pct":66.66},"functions":{"total":2,"covered":2,"skipped":0,"pct":100},"statements":{"total":5,"covered":4,"skipped":0,"pct":80},"branches":{"total":2,"covered":1,"skipped":0,"pct":50}}
,"/Users/do.nguyen/personal/family-guy/mobile/app/(tabs)/index.tsx": {"lines":{"total":7,"covered":7,"skipped":0,"pct":100},"functions":{"total":4,"covered":4,"skipped":0,"pct":100},"statements":{"total":8,"covered":8,"skipped":0,"pct":100},"branches":{"total":0,"covered":0,"skipped":0,"pct":100}}
,"/Users/do.nguyen/personal/family-guy/mobile/app/(tabs)/settings/_layout.tsx": {"lines":{"total":1,"covered":0,"skipped":0,"pct":0},"functions":{"total":1,"covered":0,"skipped":0,"pct":0},"statements":{"total":1,"covered":0,"skipped":0,"pct":0},"branches":{"total":0,"covered":0,"skipped":0,"pct":100}}
,"/Users/do.nguyen/personal/family-guy/mobile/app/(tabs)/settings/index.tsx": {"lines":{"total":53,"covered":34,"skipped":0,"pct":64.15},"functions":{"total":19,"covered":11,"skipped":0,"pct":57.89},"statements":{"total":57,"covered":37,"skipped":0,"pct":64.91},"branches":{"total":12,"covered":9,"skipped":0,"pct":75}}
,"/Users/do.nguyen/personal/family-guy/mobile/app/(tabs)/settings/language.tsx": {"lines":{"total":12,"covered":0,"skipped":0,"pct":0},"functions":{"total":6,"covered":0,"skipped":0,"pct":0},"statements":{"total":13,"covered":0,"skipped":0,"pct":0},"branches":{"total":2,"covered":0,"skipped":0,"pct":0}}
,"/Users/do.nguyen/personal/family-guy/mobile/app/(tabs)/settings/profile.tsx": {"lines":{"total":35,"covered":0,"skipped":0,"pct":0},"functions":{"total":4,"covered":0,"skipped":0,"pct":0},"statements":{"total":39,"covered":0,"skipped":0,"pct":0},"branches":{"total":18,"covered":0,"skipped":0,"pct":0}}
,"/Users/do.nguyen/personal/family-guy/mobile/app/albums/[id].tsx": {"lines":{"total":67,"covered":0,"skipped":0,"pct":0},"functions":{"total":27,"covered":0,"skipped":0,"pct":0},"statements":{"total":76,"covered":0,"skipped":0,"pct":0},"branches":{"total":24,"covered":0,"skipped":0,"pct":0}}
,"/Users/do.nguyen/personal/family-guy/mobile/app/join/[token].tsx": {"lines":{"total":22,"covered":22,"skipped":0,"pct":100},"functions":{"total":8,"covered":8,"skipped":0,"pct":100},"statements":{"total":25,"covered":25,"skipped":0,"pct":100},"branches":{"total":8,"covered":8,"skipped":0,"pct":100}}
,"/Users/do.nguyen/personal/family-guy/mobile/app/library/[albumId].tsx": {"lines":{"total":24,"covered":0,"skipped":0,"pct":0},"functions":{"total":11,"covered":0,"skipped":0,"pct":0},"statements":{"total":25,"covered":0,"skipped":0,"pct":0},"branches":{"total":16,"covered":0,"skipped":0,"pct":0}}
,"/Users/do.nguyen/personal/family-guy/mobile/app/photo/[id].tsx": {"lines":{"total":21,"covered":21,"skipped":0,"pct":100},"functions":{"total":7,"covered":7,"skipped":0,"pct":100},"statements":{"total":26,"covered":25,"skipped":0,"pct":96.15},"branches":{"total":22,"covered":12,"skipped":0,"pct":54.54}}
,"/Users/do.nguyen/personal/family-guy/mobile/app/story/[albumId]/[date].tsx": {"lines":{"total":174,"covered":112,"skipped":0,"pct":64.36},"functions":{"total":52,"covered":32,"skipped":0,"pct":61.53},"statements":{"total":221,"covered":133,"skipped":0,"pct":60.18},"branches":{"total":162,"covered":64,"skipped":0,"pct":39.5}}
,"/Users/do.nguyen/personal/family-guy/mobile/src/components/album/DayCell.tsx": {"lines":{"total":11,"covered":0,"skipped":0,"pct":0},"functions":{"total":1,"covered":0,"skipped":0,"pct":0},"statements":{"total":11,"covered":0,"skipped":0,"pct":0},"branches":{"total":8,"covered":0,"skipped":0,"pct":0}}
,"/Users/do.nguyen/personal/family-guy/mobile/src/components/family/AlbumMenuSheet.tsx": {"lines":{"total":8,"covered":8,"skipped":0,"pct":100},"functions":{"total":5,"covered":5,"skipped":0,"pct":100},"statements":{"total":11,"covered":11,"skipped":0,"pct":100},"branches":{"total":18,"covered":18,"skipped":0,"pct":100}}
,"/Users/do.nguyen/personal/family-guy/mobile/src/components/family/InviteSheet.tsx": {"lines":{"total":21,"covered":21,"skipped":0,"pct":100},"functions":{"total":7,"covered":7,"skipped":0,"pct":100},"statements":{"total":24,"covered":22,"skipped":0,"pct":91.66},"branches":{"total":16,"covered":14,"skipped":0,"pct":87.5}}
,"/Users/do.nguyen/personal/family-guy/mobile/src/components/family/MemberList.tsx": {"lines":{"total":5,"covered":5,"skipped":0,"pct":100},"functions":{"total":3,"covered":3,"skipped":0,"pct":100},"statements":{"total":5,"covered":5,"skipped":0,"pct":100},"branches":{"total":4,"covered":4,"skipped":0,"pct":100}}
,"/Users/do.nguyen/personal/family-guy/mobile/src/components/family/MembersSheet.tsx": {"lines":{"total":3,"covered":3,"skipped":0,"pct":100},"functions":{"total":1,"covered":1,"skipped":0,"pct":100},"statements":{"total":3,"covered":3,"skipped":0,"pct":100},"branches":{"total":1,"covered":1,"skipped":0,"pct":100}}
,"/Users/do.nguyen/personal/family-guy/mobile/src/components/family/QRSheet.tsx": {"lines":{"total":19,"covered":19,"skipped":0,"pct":100},"functions":{"total":4,"covered":4,"skipped":0,"pct":100},"statements":{"total":22,"covered":21,"skipped":0,"pct":95.45},"branches":{"total":14,"covered":13,"skipped":0,"pct":92.85}}
,"/Users/do.nguyen/personal/family-guy/mobile/src/components/library/DayHeader.tsx": {"lines":{"total":9,"covered":0,"skipped":0,"pct":0},"functions":{"total":2,"covered":0,"skipped":0,"pct":0},"statements":{"total":10,"covered":0,"skipped":0,"pct":0},"branches":{"total":4,"covered":0,"skipped":0,"pct":0}}
,"/Users/do.nguyen/personal/family-guy/mobile/src/components/library/PhotoEditSheet.tsx": {"lines":{"total":39,"covered":0,"skipped":0,"pct":0},"functions":{"total":8,"covered":0,"skipped":0,"pct":0},"statements":{"total":44,"covered":0,"skipped":0,"pct":0},"branches":{"total":40,"covered":0,"skipped":0,"pct":0}}
,"/Users/do.nguyen/personal/family-guy/mobile/src/components/library/ThumbnailCell.tsx": {"lines":{"total":11,"covered":0,"skipped":0,"pct":0},"functions":{"total":2,"covered":0,"skipped":0,"pct":0},"statements":{"total":11,"covered":0,"skipped":0,"pct":0},"branches":{"total":4,"covered":0,"skipped":0,"pct":0}}
,"/Users/do.nguyen/personal/family-guy/mobile/src/components/story/ExportSheet.tsx": {"lines":{"total":9,"covered":7,"skipped":0,"pct":77.77},"functions":{"total":4,"covered":2,"skipped":0,"pct":50},"statements":{"total":12,"covered":9,"skipped":0,"pct":75},"branches":{"total":19,"covered":10,"skipped":0,"pct":52.63}}
,"/Users/do.nguyen/personal/family-guy/mobile/src/components/story/PhotoItem.tsx": {"lines":{"total":19,"covered":14,"skipped":0,"pct":73.68},"functions":{"total":5,"covered":4,"skipped":0,"pct":80},"statements":{"total":23,"covered":15,"skipped":0,"pct":65.21},"branches":{"total":8,"covered":4,"skipped":0,"pct":50}}
,"/Users/do.nguyen/personal/family-guy/mobile/src/components/story/SoundtrackPickerSheet.tsx": {"lines":{"total":10,"covered":10,"skipped":0,"pct":100},"functions":{"total":5,"covered":5,"skipped":0,"pct":100},"statements":{"total":10,"covered":10,"skipped":0,"pct":100},"branches":{"total":14,"covered":12,"skipped":0,"pct":85.71}}
,"/Users/do.nguyen/personal/family-guy/mobile/src/components/story/VideoItem.tsx": {"lines":{"total":16,"covered":0,"skipped":0,"pct":0},"functions":{"total":8,"covered":0,"skipped":0,"pct":0},"statements":{"total":21,"covered":0,"skipped":0,"pct":0},"branches":{"total":7,"covered":0,"skipped":0,"pct":0}}
,"/Users/do.nguyen/personal/family-guy/mobile/src/components/story/VlogOverlay.tsx": {"lines":{"total":6,"covered":6,"skipped":0,"pct":100},"functions":{"total":2,"covered":2,"skipped":0,"pct":100},"statements":{"total":6,"covered":6,"skipped":0,"pct":100},"branches":{"total":9,"covered":9,"skipped":0,"pct":100}}
,"/Users/do.nguyen/personal/family-guy/mobile/src/components/story/index.ts": {"lines":{"total":0,"covered":0,"skipped":0,"pct":100},"functions":{"total":0,"covered":0,"skipped":0,"pct":100},"statements":{"total":0,"covered":0,"skipped":0,"pct":100},"branches":{"total":0,"covered":0,"skipped":0,"pct":100}}
,"/Users/do.nguyen/personal/family-guy/mobile/src/components/tabs/AlbumsPage.tsx": {"lines":{"total":36,"covered":0,"skipped":0,"pct":0},"functions":{"total":16,"covered":0,"skipped":0,"pct":0},"statements":{"total":41,"covered":0,"skipped":0,"pct":0},"branches":{"total":14,"covered":0,"skipped":0,"pct":0}}
,"/Users/do.nguyen/personal/family-guy/mobile/src/components/tabs/CameraPage.tsx": {"lines":{"total":88,"covered":47,"skipped":0,"pct":53.4},"functions":{"total":33,"covered":16,"skipped":0,"pct":48.48},"statements":{"total":103,"covered":51,"skipped":0,"pct":49.51},"branches":{"total":44,"covered":16,"skipped":0,"pct":36.36}}
,"/Users/do.nguyen/personal/family-guy/mobile/src/components/tabs/CustomTabBar.tsx": {"lines":{"total":26,"covered":17,"skipped":0,"pct":65.38},"functions":{"total":6,"covered":5,"skipped":0,"pct":83.33},"statements":{"total":27,"covered":18,"skipped":0,"pct":66.66},"branches":{"total":18,"covered":6,"skipped":0,"pct":33.33}}
,"/Users/do.nguyen/personal/family-guy/mobile/src/components/tabs/FeedbackSheet.tsx": {"lines":{"total":31,"covered":31,"skipped":0,"pct":100},"functions":{"total":5,"covered":5,"skipped":0,"pct":100},"statements":{"total":34,"covered":32,"skipped":0,"pct":94.11},"branches":{"total":18,"covered":14,"skipped":0,"pct":77.77}}
,"/Users/do.nguyen/personal/family-guy/mobile/src/components/tabs/SettingsSheet.tsx": {"lines":{"total":6,"covered":6,"skipped":0,"pct":100},"functions":{"total":3,"covered":3,"skipped":0,"pct":100},"statements":{"total":6,"covered":6,"skipped":0,"pct":100},"branches":{"total":0,"covered":0,"skipped":0,"pct":100}}
,"/Users/do.nguyen/personal/family-guy/mobile/src/components/timeline/MasonryBlock.tsx": {"lines":{"total":23,"covered":20,"skipped":0,"pct":86.95},"functions":{"total":5,"covered":2,"skipped":0,"pct":40},"statements":{"total":23,"covered":20,"skipped":0,"pct":86.95},"branches":{"total":7,"covered":7,"skipped":0,"pct":100}}
,"/Users/do.nguyen/personal/family-guy/mobile/src/components/timeline/MonthHeader.tsx": {"lines":{"total":2,"covered":2,"skipped":0,"pct":100},"functions":{"total":1,"covered":1,"skipped":0,"pct":100},"statements":{"total":2,"covered":2,"skipped":0,"pct":100},"branches":{"total":0,"covered":0,"skipped":0,"pct":100}}
,"/Users/do.nguyen/personal/family-guy/mobile/src/components/timeline/PendingPhotoCell.tsx": {"lines":{"total":13,"covered":13,"skipped":0,"pct":100},"functions":{"total":2,"covered":2,"skipped":0,"pct":100},"statements":{"total":13,"covered":13,"skipped":0,"pct":100},"branches":{"total":11,"covered":11,"skipped":0,"pct":100}}
,"/Users/do.nguyen/personal/family-guy/mobile/src/components/timeline/PendingPhotoRow.tsx": {"lines":{"total":7,"covered":7,"skipped":0,"pct":100},"functions":{"total":2,"covered":2,"skipped":0,"pct":100},"statements":{"total":7,"covered":7,"skipped":0,"pct":100},"branches":{"total":0,"covered":0,"skipped":0,"pct":100}}
,"/Users/do.nguyen/personal/family-guy/mobile/src/components/timeline/PhotoRow.tsx": {"lines":{"total":7,"covered":7,"skipped":0,"pct":100},"functions":{"total":2,"covered":2,"skipped":0,"pct":100},"statements":{"total":7,"covered":7,"skipped":0,"pct":100},"branches":{"total":3,"covered":3,"skipped":0,"pct":100}}
,"/Users/do.nguyen/personal/family-guy/mobile/src/components/timeline/PhotoTile.tsx": {"lines":{"total":15,"covered":9,"skipped":0,"pct":60},"functions":{"total":7,"covered":2,"skipped":0,"pct":28.57},"statements":{"total":16,"covered":10,"skipped":0,"pct":62.5},"branches":{"total":13,"covered":11,"skipped":0,"pct":84.61}}
,"/Users/do.nguyen/personal/family-guy/mobile/src/components/timeline/PolaroidCard.tsx": {"lines":{"total":17,"covered":12,"skipped":0,"pct":70.58},"functions":{"total":6,"covered":2,"skipped":0,"pct":33.33},"statements":{"total":17,"covered":12,"skipped":0,"pct":70.58},"branches":{"total":13,"covered":12,"skipped":0,"pct":92.3}}
,"/Users/do.nguyen/personal/family-guy/mobile/src/components/timeline/TimelineFeed.tsx": {"lines":{"total":38,"covered":38,"skipped":0,"pct":100},"functions":{"total":9,"covered":9,"skipped":0,"pct":100},"statements":{"total":46,"covered":45,"skipped":0,"pct":97.82},"branches":{"total":27,"covered":24,"skipped":0,"pct":88.88}}
,"/Users/do.nguyen/personal/family-guy/mobile/src/components/ui/AddPhotoSheet.tsx": {"lines":{"total":24,"covered":20,"skipped":0,"pct":83.33},"functions":{"total":8,"covered":5,"skipped":0,"pct":62.5},"statements":{"total":26,"covered":21,"skipped":0,"pct":80.76},"branches":{"total":6,"covered":3,"skipped":0,"pct":50}}
,"/Users/do.nguyen/personal/family-guy/mobile/src/components/ui/Avatar.tsx": {"lines":{"total":4,"covered":4,"skipped":0,"pct":100},"functions":{"total":1,"covered":1,"skipped":0,"pct":100},"statements":{"total":4,"covered":4,"skipped":0,"pct":100},"branches":{"total":8,"covered":8,"skipped":0,"pct":100}}
,"/Users/do.nguyen/personal/family-guy/mobile/src/components/ui/Badge.tsx": {"lines":{"total":3,"covered":3,"skipped":0,"pct":100},"functions":{"total":1,"covered":1,"skipped":0,"pct":100},"statements":{"total":3,"covered":3,"skipped":0,"pct":100},"branches":{"total":1,"covered":1,"skipped":0,"pct":100}}
,"/Users/do.nguyen/personal/family-guy/mobile/src/components/ui/BouncingDot.tsx": {"lines":{"total":6,"covered":0,"skipped":0,"pct":0},"functions":{"total":3,"covered":0,"skipped":0,"pct":0},"statements":{"total":7,"covered":0,"skipped":0,"pct":0},"branches":{"total":2,"covered":0,"skipped":0,"pct":0}}
,"/Users/do.nguyen/personal/family-guy/mobile/src/components/ui/Button.tsx": {"lines":{"total":5,"covered":5,"skipped":0,"pct":100},"functions":{"total":2,"covered":2,"skipped":0,"pct":100},"statements":{"total":5,"covered":5,"skipped":0,"pct":100},"branches":{"total":31,"covered":30,"skipped":0,"pct":96.77}}
,"/Users/do.nguyen/personal/family-guy/mobile/src/components/ui/Card.tsx": {"lines":{"total":3,"covered":3,"skipped":0,"pct":100},"functions":{"total":1,"covered":1,"skipped":0,"pct":100},"statements":{"total":3,"covered":3,"skipped":0,"pct":100},"branches":{"total":3,"covered":2,"skipped":0,"pct":66.66}}
,"/Users/do.nguyen/personal/family-guy/mobile/src/components/ui/Confetti.tsx": {"lines":{"total":18,"covered":0,"skipped":0,"pct":0},"functions":{"total":5,"covered":0,"skipped":0,"pct":0},"statements":{"total":20,"covered":0,"skipped":0,"pct":0},"branches":{"total":6,"covered":0,"skipped":0,"pct":0}}
,"/Users/do.nguyen/personal/family-guy/mobile/src/components/ui/EmptyState.tsx": {"lines":{"total":6,"covered":6,"skipped":0,"pct":100},"functions":{"total":3,"covered":3,"skipped":0,"pct":100},"statements":{"total":7,"covered":7,"skipped":0,"pct":100},"branches":{"total":0,"covered":0,"skipped":0,"pct":100}}
,"/Users/do.nguyen/personal/family-guy/mobile/src/components/ui/ForceUpdateScreen.tsx": {"lines":{"total":4,"covered":0,"skipped":0,"pct":0},"functions":{"total":2,"covered":0,"skipped":0,"pct":0},"statements":{"total":4,"covered":0,"skipped":0,"pct":0},"branches":{"total":4,"covered":0,"skipped":0,"pct":0}}
,"/Users/do.nguyen/personal/family-guy/mobile/src/components/ui/HeaderGradient.tsx": {"lines":{"total":3,"covered":3,"skipped":0,"pct":100},"functions":{"total":1,"covered":1,"skipped":0,"pct":100},"statements":{"total":3,"covered":3,"skipped":0,"pct":100},"branches":{"total":0,"covered":0,"skipped":0,"pct":100}}
,"/Users/do.nguyen/personal/family-guy/mobile/src/components/ui/JoyfulHeader.tsx": {"lines":{"total":4,"covered":4,"skipped":0,"pct":100},"functions":{"total":2,"covered":2,"skipped":0,"pct":100},"statements":{"total":4,"covered":4,"skipped":0,"pct":100},"branches":{"total":0,"covered":0,"skipped":0,"pct":100}}
,"/Users/do.nguyen/personal/family-guy/mobile/src/components/ui/LoadingSpinner.tsx": {"lines":{"total":2,"covered":2,"skipped":0,"pct":100},"functions":{"total":1,"covered":1,"skipped":0,"pct":100},"statements":{"total":2,"covered":2,"skipped":0,"pct":100},"branches":{"total":0,"covered":0,"skipped":0,"pct":100}}
,"/Users/do.nguyen/personal/family-guy/mobile/src/components/ui/Mascot.tsx": {"lines":{"total":6,"covered":6,"skipped":0,"pct":100},"functions":{"total":1,"covered":1,"skipped":0,"pct":100},"statements":{"total":6,"covered":6,"skipped":0,"pct":100},"branches":{"total":9,"covered":9,"skipped":0,"pct":100}}
,"/Users/do.nguyen/personal/family-guy/mobile/src/components/ui/MediaCaption.tsx": {"lines":{"total":2,"covered":2,"skipped":0,"pct":100},"functions":{"total":2,"covered":1,"skipped":0,"pct":50},"statements":{"total":2,"covered":2,"skipped":0,"pct":100},"branches":{"total":13,"covered":12,"skipped":0,"pct":92.3}}
,"/Users/do.nguyen/personal/family-guy/mobile/src/components/ui/ModalScreenHeader.tsx": {"lines":{"total":2,"covered":2,"skipped":0,"pct":100},"functions":{"total":1,"covered":1,"skipped":0,"pct":100},"statements":{"total":2,"covered":2,"skipped":0,"pct":100},"branches":{"total":0,"covered":0,"skipped":0,"pct":100}}
,"/Users/do.nguyen/personal/family-guy/mobile/src/components/ui/OutlinedText.tsx": {"lines":{"total":2,"covered":2,"skipped":0,"pct":100},"functions":{"total":1,"covered":1,"skipped":0,"pct":100},"statements":{"total":2,"covered":2,"skipped":0,"pct":100},"branches":{"total":1,"covered":0,"skipped":0,"pct":0}}
,"/Users/do.nguyen/personal/family-guy/mobile/src/components/ui/PhotoCell.tsx": {"lines":{"total":17,"covered":11,"skipped":0,"pct":64.7},"functions":{"total":6,"covered":2,"skipped":0,"pct":33.33},"statements":{"total":18,"covered":11,"skipped":0,"pct":61.11},"branches":{"total":20,"covered":15,"skipped":0,"pct":75}}
,"/Users/do.nguyen/personal/family-guy/mobile/src/components/ui/QuietHeader.tsx": {"lines":{"total":3,"covered":3,"skipped":0,"pct":100},"functions":{"total":1,"covered":1,"skipped":0,"pct":100},"statements":{"total":3,"covered":3,"skipped":0,"pct":100},"branches":{"total":0,"covered":0,"skipped":0,"pct":100}}
,"/Users/do.nguyen/personal/family-guy/mobile/src/components/ui/ReactionBadge.tsx": {"lines":{"total":7,"covered":2,"skipped":0,"pct":28.57},"functions":{"total":4,"covered":1,"skipped":0,"pct":25},"statements":{"total":9,"covered":3,"skipped":0,"pct":33.33},"branches":{"total":2,"covered":1,"skipped":0,"pct":50}}
,"/Users/do.nguyen/personal/family-guy/mobile/src/components/ui/ReactionPicker.tsx": {"lines":{"total":5,"covered":4,"skipped":0,"pct":80},"functions":{"total":3,"covered":2,"skipped":0,"pct":66.66},"statements":{"total":6,"covered":4,"skipped":0,"pct":66.66},"branches":{"total":0,"covered":0,"skipped":0,"pct":100}}
,"/Users/do.nguyen/personal/family-guy/mobile/src/components/ui/ScreenHeader.tsx": {"lines":{"total":2,"covered":2,"skipped":0,"pct":100},"functions":{"total":1,"covered":1,"skipped":0,"pct":100},"statements":{"total":2,"covered":2,"skipped":0,"pct":100},"branches":{"total":6,"covered":5,"skipped":0,"pct":83.33}}
,"/Users/do.nguyen/personal/family-guy/mobile/src/components/ui/SectionHeader.tsx": {"lines":{"total":2,"covered":2,"skipped":0,"pct":100},"functions":{"total":1,"covered":1,"skipped":0,"pct":100},"statements":{"total":2,"covered":2,"skipped":0,"pct":100},"branches":{"total":0,"covered":0,"skipped":0,"pct":100}}
,"/Users/do.nguyen/personal/family-guy/mobile/src/components/ui/SheetModal.tsx": {"lines":{"total":13,"covered":11,"skipped":0,"pct":84.61},"functions":{"total":5,"covered":3,"skipped":0,"pct":60},"statements":{"total":13,"covered":11,"skipped":0,"pct":84.61},"branches":{"total":7,"covered":6,"skipped":0,"pct":85.71}}
,"/Users/do.nguyen/personal/family-guy/mobile/src/components/ui/SkeletonCard.tsx": {"lines":{"total":6,"covered":0,"skipped":0,"pct":0},"functions":{"total":3,"covered":0,"skipped":0,"pct":0},"statements":{"total":7,"covered":0,"skipped":0,"pct":0},"branches":{"total":1,"covered":0,"skipped":0,"pct":0}}
,"/Users/do.nguyen/personal/family-guy/mobile/src/components/ui/SkeletonRow.tsx": {"lines":{"total":5,"covered":5,"skipped":0,"pct":100},"functions":{"total":1,"covered":1,"skipped":0,"pct":100},"statements":{"total":5,"covered":5,"skipped":0,"pct":100},"branches":{"total":1,"covered":0,"skipped":0,"pct":0}}
,"/Users/do.nguyen/personal/family-guy/mobile/src/components/ui/SkeletonTile.tsx": {"lines":{"total":7,"covered":7,"skipped":0,"pct":100},"functions":{"total":3,"covered":3,"skipped":0,"pct":100},"statements":{"total":8,"covered":8,"skipped":0,"pct":100},"branches":{"total":3,"covered":2,"skipped":0,"pct":66.66}}
,"/Users/do.nguyen/personal/family-guy/mobile/src/components/ui/Sticker.tsx": {"lines":{"total":2,"covered":0,"skipped":0,"pct":0},"functions":{"total":1,"covered":0,"skipped":0,"pct":0},"statements":{"total":2,"covered":0,"skipped":0,"pct":0},"branches":{"total":1,"covered":0,"skipped":0,"pct":0}}
,"/Users/do.nguyen/personal/family-guy/mobile/src/components/ui/StickerButton.tsx": {"lines":{"total":8,"covered":8,"skipped":0,"pct":100},"functions":{"total":2,"covered":2,"skipped":0,"pct":100},"statements":{"total":9,"covered":8,"skipped":0,"pct":88.88},"branches":{"total":19,"covered":18,"skipped":0,"pct":94.73}}
,"/Users/do.nguyen/personal/family-guy/mobile/src/components/ui/StickerCard.tsx": {"lines":{"total":5,"covered":5,"skipped":0,"pct":100},"functions":{"total":1,"covered":1,"skipped":0,"pct":100},"statements":{"total":5,"covered":5,"skipped":0,"pct":100},"branches":{"total":12,"covered":11,"skipped":0,"pct":91.66}}
,"/Users/do.nguyen/personal/family-guy/mobile/src/components/ui/StickerChip.tsx": {"lines":{"total":5,"covered":5,"skipped":0,"pct":100},"functions":{"total":1,"covered":1,"skipped":0,"pct":100},"statements":{"total":5,"covered":5,"skipped":0,"pct":100},"branches":{"total":9,"covered":8,"skipped":0,"pct":88.88}}
,"/Users/do.nguyen/personal/family-guy/mobile/src/components/ui/StorageBadge.tsx": {"lines":{"total":9,"covered":0,"skipped":0,"pct":0},"functions":{"total":4,"covered":0,"skipped":0,"pct":0},"statements":{"total":12,"covered":0,"skipped":0,"pct":0},"branches":{"total":4,"covered":0,"skipped":0,"pct":0}}
,"/Users/do.nguyen/personal/family-guy/mobile/src/components/ui/StorageFreedomModal.tsx": {"lines":{"total":23,"covered":0,"skipped":0,"pct":0},"functions":{"total":6,"covered":0,"skipped":0,"pct":0},"statements":{"total":26,"covered":0,"skipped":0,"pct":0},"branches":{"total":8,"covered":0,"skipped":0,"pct":0}}
,"/Users/do.nguyen/personal/family-guy/mobile/src/components/ui/TextInput.tsx": {"lines":{"total":5,"covered":5,"skipped":0,"pct":100},"functions":{"total":3,"covered":3,"skipped":0,"pct":100},"statements":{"total":5,"covered":5,"skipped":0,"pct":100},"branches":{"total":8,"covered":6,"skipped":0,"pct":75}}
,"/Users/do.nguyen/personal/family-guy/mobile/src/components/upload/PhotoThumbnailGrid.tsx": {"lines":{"total":8,"covered":8,"skipped":0,"pct":100},"functions":{"total":3,"covered":3,"skipped":0,"pct":100},"statements":{"total":9,"covered":9,"skipped":0,"pct":100},"branches":{"total":4,"covered":4,"skipped":0,"pct":100}}
,"/Users/do.nguyen/personal/family-guy/mobile/src/hooks/useAlbumDays.ts": {"lines":{"total":3,"covered":3,"skipped":0,"pct":100},"functions":{"total":2,"covered":2,"skipped":0,"pct":100},"statements":{"total":3,"covered":3,"skipped":0,"pct":100},"branches":{"total":0,"covered":0,"skipped":0,"pct":100}}
,"/Users/do.nguyen/personal/family-guy/mobile/src/hooks/useAlbumPhotos.ts": {"lines":{"total":3,"covered":3,"skipped":0,"pct":100},"functions":{"total":2,"covered":2,"skipped":0,"pct":100},"statements":{"total":3,"covered":3,"skipped":0,"pct":100},"branches":{"total":0,"covered":0,"skipped":0,"pct":100}}
,"/Users/do.nguyen/personal/family-guy/mobile/src/hooks/useAlbums.ts": {"lines":{"total":3,"covered":3,"skipped":0,"pct":100},"functions":{"total":2,"covered":2,"skipped":0,"pct":100},"statements":{"total":3,"covered":3,"skipped":0,"pct":100},"branches":{"total":0,"covered":0,"skipped":0,"pct":100}}
,"/Users/do.nguyen/personal/family-guy/mobile/src/hooks/useCalendar.ts": {"lines":{"total":4,"covered":4,"skipped":0,"pct":100},"functions":{"total":3,"covered":3,"skipped":0,"pct":100},"statements":{"total":5,"covered":5,"skipped":0,"pct":100},"branches":{"total":0,"covered":0,"skipped":0,"pct":100}}
,"/Users/do.nguyen/personal/family-guy/mobile/src/hooks/useCapture.ts": {"lines":{"total":28,"covered":27,"skipped":0,"pct":96.42},"functions":{"total":8,"covered":8,"skipped":0,"pct":100},"statements":{"total":30,"covered":29,"skipped":0,"pct":96.66},"branches":{"total":25,"covered":19,"skipped":0,"pct":76}}
,"/Users/do.nguyen/personal/family-guy/mobile/src/hooks/useDayPhotos.ts": {"lines":{"total":3,"covered":3,"skipped":0,"pct":100},"functions":{"total":2,"covered":2,"skipped":0,"pct":100},"statements":{"total":3,"covered":3,"skipped":0,"pct":100},"branches":{"total":2,"covered":2,"skipped":0,"pct":100}}
,"/Users/do.nguyen/personal/family-guy/mobile/src/hooks/useDaySoundtrack.ts": {"lines":{"total":3,"covered":3,"skipped":0,"pct":100},"functions":{"total":2,"covered":2,"skipped":0,"pct":100},"statements":{"total":3,"covered":3,"skipped":0,"pct":100},"branches":{"total":2,"covered":2,"skipped":0,"pct":100}}
,"/Users/do.nguyen/personal/family-guy/mobile/src/hooks/useLastAlbumSelection.ts": {"lines":{"total":11,"covered":11,"skipped":0,"pct":100},"functions":{"total":7,"covered":7,"skipped":0,"pct":100},"statements":{"total":13,"covered":13,"skipped":0,"pct":100},"branches":{"total":4,"covered":3,"skipped":0,"pct":75}}
,"/Users/do.nguyen/personal/family-guy/mobile/src/hooks/useMembers.ts": {"lines":{"total":4,"covered":4,"skipped":0,"pct":100},"functions":{"total":3,"covered":3,"skipped":0,"pct":100},"statements":{"total":5,"covered":5,"skipped":0,"pct":100},"branches":{"total":0,"covered":0,"skipped":0,"pct":100}}
,"/Users/do.nguyen/personal/family-guy/mobile/src/hooks/usePhotoActions.ts": {"lines":{"total":12,"covered":12,"skipped":0,"pct":100},"functions":{"total":6,"covered":6,"skipped":0,"pct":100},"statements":{"total":12,"covered":12,"skipped":0,"pct":100},"branches":{"total":0,"covered":0,"skipped":0,"pct":100}}
,"/Users/do.nguyen/personal/family-guy/mobile/src/hooks/useReactions.ts": {"lines":{"total":11,"covered":11,"skipped":0,"pct":100},"functions":{"total":7,"covered":7,"skipped":0,"pct":100},"statements":{"total":11,"covered":11,"skipped":0,"pct":100},"branches":{"total":0,"covered":0,"skipped":0,"pct":100}}
,"/Users/do.nguyen/personal/family-guy/mobile/src/hooks/useSetDaySoundtrack.ts": {"lines":{"total":6,"covered":6,"skipped":0,"pct":100},"functions":{"total":3,"covered":3,"skipped":0,"pct":100},"statements":{"total":6,"covered":6,"skipped":0,"pct":100},"branches":{"total":2,"covered":2,"skipped":0,"pct":100}}
,"/Users/do.nguyen/personal/family-guy/mobile/src/hooks/useSoundtrackCache.ts": {"lines":{"total":11,"covered":10,"skipped":0,"pct":90.9},"functions":{"total":2,"covered":1,"skipped":0,"pct":50},"statements":{"total":13,"covered":12,"skipped":0,"pct":92.3},"branches":{"total":6,"covered":5,"skipped":0,"pct":83.33}}
,"/Users/do.nguyen/personal/family-guy/mobile/src/hooks/useSoundtracks.ts": {"lines":{"total":3,"covered":3,"skipped":0,"pct":100},"functions":{"total":2,"covered":2,"skipped":0,"pct":100},"statements":{"total":3,"covered":3,"skipped":0,"pct":100},"branches":{"total":0,"covered":0,"skipped":0,"pct":100}}
,"/Users/do.nguyen/personal/family-guy/mobile/src/hooks/useStoryExport.ts": {"lines":{"total":33,"covered":33,"skipped":0,"pct":100},"functions":{"total":4,"covered":4,"skipped":0,"pct":100},"statements":{"total":37,"covered":37,"skipped":0,"pct":100},"branches":{"total":14,"covered":12,"skipped":0,"pct":85.71}}
,"/Users/do.nguyen/personal/family-guy/mobile/src/hooks/useTimeline.ts": {"lines":{"total":7,"covered":7,"skipped":0,"pct":100},"functions":{"total":4,"covered":4,"skipped":0,"pct":100},"statements":{"total":9,"covered":9,"skipped":0,"pct":100},"branches":{"total":4,"covered":4,"skipped":0,"pct":100}}
,"/Users/do.nguyen/personal/family-guy/mobile/src/hooks/useUpload.ts": {"lines":{"total":41,"covered":41,"skipped":0,"pct":100},"functions":{"total":16,"covered":15,"skipped":0,"pct":93.75},"statements":{"total":53,"covered":52,"skipped":0,"pct":98.11},"branches":{"total":12,"covered":12,"skipped":0,"pct":100}}
,"/Users/do.nguyen/personal/family-guy/mobile/src/lib/api.ts": {"lines":{"total":12,"covered":12,"skipped":0,"pct":100},"functions":{"total":5,"covered":3,"skipped":0,"pct":60},"statements":{"total":13,"covered":13,"skipped":0,"pct":100},"branches":{"total":4,"covered":4,"skipped":0,"pct":100}}
,"/Users/do.nguyen/personal/family-guy/mobile/src/lib/compression.ts": {"lines":{"total":2,"covered":2,"skipped":0,"pct":100},"functions":{"total":1,"covered":1,"skipped":0,"pct":100},"statements":{"total":2,"covered":2,"skipped":0,"pct":100},"branches":{"total":0,"covered":0,"skipped":0,"pct":100}}
,"/Users/do.nguyen/personal/family-guy/mobile/src/lib/concurrency.ts": {"lines":{"total":10,"covered":10,"skipped":0,"pct":100},"functions":{"total":2,"covered":2,"skipped":0,"pct":100},"statements":{"total":10,"covered":10,"skipped":0,"pct":100},"branches":{"total":0,"covered":0,"skipped":0,"pct":100}}
,"/Users/do.nguyen/personal/family-guy/mobile/src/lib/dateKey.ts": {"lines":{"total":11,"covered":9,"skipped":0,"pct":81.81},"functions":{"total":5,"covered":3,"skipped":0,"pct":60},"statements":{"total":11,"covered":9,"skipped":0,"pct":81.81},"branches":{"total":0,"covered":0,"skipped":0,"pct":100}}
,"/Users/do.nguyen/personal/family-guy/mobile/src/lib/exif.ts": {"lines":{"total":6,"covered":6,"skipped":0,"pct":100},"functions":{"total":1,"covered":1,"skipped":0,"pct":100},"statements":{"total":6,"covered":6,"skipped":0,"pct":100},"branches":{"total":4,"covered":4,"skipped":0,"pct":100}}
,"/Users/do.nguyen/personal/family-guy/mobile/src/lib/format.ts": {"lines":{"total":22,"covered":22,"skipped":0,"pct":100},"functions":{"total":5,"covered":5,"skipped":0,"pct":100},"statements":{"total":30,"covered":30,"skipped":0,"pct":100},"branches":{"total":26,"covered":25,"skipped":0,"pct":96.15}}
,"/Users/do.nguyen/personal/family-guy/mobile/src/lib/haptics.ts": {"lines":{"total":4,"covered":4,"skipped":0,"pct":100},"functions":{"total":8,"covered":1,"skipped":0,"pct":12.5},"statements":{"total":8,"covered":5,"skipped":0,"pct":62.5},"branches":{"total":0,"covered":0,"skipped":0,"pct":100}}
,"/Users/do.nguyen/personal/family-guy/mobile/src/lib/i18n.ts": {"lines":{"total":22,"covered":15,"skipped":0,"pct":68.18},"functions":{"total":7,"covered":4,"skipped":0,"pct":57.14},"statements":{"total":25,"covered":15,"skipped":0,"pct":60},"branches":{"total":20,"covered":10,"skipped":0,"pct":50}}
,"/Users/do.nguyen/personal/family-guy/mobile/src/lib/motion.ts": {"lines":{"total":1,"covered":1,"skipped":0,"pct":100},"functions":{"total":0,"covered":0,"skipped":0,"pct":100},"statements":{"total":1,"covered":1,"skipped":0,"pct":100},"branches":{"total":0,"covered":0,"skipped":0,"pct":100}}
,"/Users/do.nguyen/personal/family-guy/mobile/src/lib/notifications.ts": {"lines":{"total":13,"covered":13,"skipped":0,"pct":100},"functions":{"total":4,"covered":4,"skipped":0,"pct":100},"statements":{"total":14,"covered":14,"skipped":0,"pct":100},"branches":{"total":6,"covered":4,"skipped":0,"pct":66.66}}
,"/Users/do.nguyen/personal/family-guy/mobile/src/lib/queryClient.ts": {"lines":{"total":1,"covered":1,"skipped":0,"pct":100},"functions":{"total":0,"covered":0,"skipped":0,"pct":100},"statements":{"total":1,"covered":1,"skipped":0,"pct":100},"branches":{"total":0,"covered":0,"skipped":0,"pct":100}}
,"/Users/do.nguyen/personal/family-guy/mobile/src/lib/sharedElement.ts": {"lines":{"total":6,"covered":0,"skipped":0,"pct":0},"functions":{"total":3,"covered":0,"skipped":0,"pct":0},"statements":{"total":7,"covered":0,"skipped":0,"pct":0},"branches":{"total":7,"covered":0,"skipped":0,"pct":0}}
,"/Users/do.nguyen/personal/family-guy/mobile/src/lib/uploadFile.ts": {"lines":{"total":7,"covered":7,"skipped":0,"pct":100},"functions":{"total":2,"covered":2,"skipped":0,"pct":100},"statements":{"total":7,"covered":7,"skipped":0,"pct":100},"branches":{"total":8,"covered":8,"skipped":0,"pct":100}}
,"/Users/do.nguyen/personal/family-guy/mobile/src/lib/useAppUpdate.ts": {"lines":{"total":18,"covered":18,"skipped":0,"pct":100},"functions":{"total":5,"covered":5,"skipped":0,"pct":100},"statements":{"total":20,"covered":19,"skipped":0,"pct":95},"branches":{"total":8,"covered":6,"skipped":0,"pct":75}}
,"/Users/do.nguyen/personal/family-guy/mobile/src/locales/en.ts": {"lines":{"total":1,"covered":1,"skipped":0,"pct":100},"functions":{"total":0,"covered":0,"skipped":0,"pct":100},"statements":{"total":1,"covered":1,"skipped":0,"pct":100},"branches":{"total":0,"covered":0,"skipped":0,"pct":100}}
,"/Users/do.nguyen/personal/family-guy/mobile/src/locales/vi.ts": {"lines":{"total":1,"covered":1,"skipped":0,"pct":100},"functions":{"total":0,"covered":0,"skipped":0,"pct":100},"statements":{"total":1,"covered":1,"skipped":0,"pct":100},"branches":{"total":0,"covered":0,"skipped":0,"pct":100}}
,"/Users/do.nguyen/personal/family-guy/mobile/src/stores/albumStore.ts": {"lines":{"total":5,"covered":3,"skipped":0,"pct":60},"functions":{"total":5,"covered":3,"skipped":0,"pct":60},"statements":{"total":6,"covered":4,"skipped":0,"pct":66.66},"branches":{"total":0,"covered":0,"skipped":0,"pct":100}}
,"/Users/do.nguyen/personal/family-guy/mobile/src/stores/authStore.ts": {"lines":{"total":4,"covered":3,"skipped":0,"pct":75},"functions":{"total":5,"covered":3,"skipped":0,"pct":60},"statements":{"total":6,"covered":4,"skipped":0,"pct":66.66},"branches":{"total":2,"covered":0,"skipped":0,"pct":0}}
,"/Users/do.nguyen/personal/family-guy/mobile/src/stores/captureStore.ts": {"lines":{"total":1,"covered":0,"skipped":0,"pct":0},"functions":{"total":1,"covered":0,"skipped":0,"pct":0},"statements":{"total":1,"covered":0,"skipped":0,"pct":0},"branches":{"total":0,"covered":0,"skipped":0,"pct":100}}
,"/Users/do.nguyen/personal/family-guy/mobile/src/stores/onboardingStore.ts": {"lines":{"total":2,"covered":2,"skipped":0,"pct":100},"functions":{"total":2,"covered":2,"skipped":0,"pct":100},"statements":{"total":3,"covered":3,"skipped":0,"pct":100},"branches":{"total":0,"covered":0,"skipped":0,"pct":100}}
,"/Users/do.nguyen/personal/family-guy/mobile/src/stores/pendingUploadStore.ts": {"lines":{"total":8,"covered":8,"skipped":0,"pct":100},"functions":{"total":11,"covered":11,"skipped":0,"pct":100},"statements":{"total":12,"covered":12,"skipped":0,"pct":100},"branches":{"total":4,"covered":4,"skipped":0,"pct":100}}
,"/Users/do.nguyen/personal/family-guy/mobile/src/stores/photoReviewStore.ts": {"lines":{"total":3,"covered":3,"skipped":0,"pct":100},"functions":{"total":3,"covered":3,"skipped":0,"pct":100},"statements":{"total":4,"covered":4,"skipped":0,"pct":100},"branches":{"total":0,"covered":0,"skipped":0,"pct":100}}
,"/Users/do.nguyen/personal/family-guy/mobile/src/stores/uploadStore.ts": {"lines":{"total":6,"covered":2,"skipped":0,"pct":33.33},"functions":{"total":8,"covered":3,"skipped":0,"pct":37.5},"statements":{"total":9,"covered":4,"skipped":0,"pct":44.44},"branches":{"total":2,"covered":1,"skipped":0,"pct":50}}
}
