TN:
SF:app/(auth)/index.tsx
FN:27,SignInScreen
FN:32,handleApple
FN:50,handleGoogle
FN:67,finishAuth
FN:70,(anonymous_4)
FN:81,(anonymous_5)
FNF:6
FNH:6
FNDA:37,SignInScreen
FNDA:6,handleApple
FNDA:6,handleGoogle
FNDA:5,finishAuth
FNDA:1,(anonymous_4)
FNDA:222,(anonymous_5)
DA:19,1
DA:21,1
DA:28,37
DA:29,37
DA:30,37
DA:33,6
DA:34,6
DA:35,6
DA:41,4
DA:42,4
DA:44,2
DA:46,6
DA:51,6
DA:52,6
DA:53,6
DA:54,3
DA:55,2
DA:56,2
DA:57,1
DA:58,1
DA:60,4
DA:61,3
DA:63,6
DA:68,5
DA:69,5
DA:70,5
DA:71,5
DA:72,5
DA:73,4
DA:75,5
DA:78,37
DA:82,222
DA:113,1
LF:33
LH:33
BRDA:44,0,0,1
BRDA:44,0,1,1
BRDA:54,1,0,1
BRDA:54,1,1,2
BRDA:56,2,0,1
BRDA:56,2,1,1
BRDA:60,3,0,1
BRDA:60,3,1,3
BRDA:61,4,0,3
BRDA:61,4,1,1
BRDA:73,5,0,2
BRDA:73,5,1,2
BRF:12
BRH:12
end_of_record
